<?xml version="1.0" encoding="UTF-8"?>
<!-- Generated by org.testng.reporters.JUnitReportReporter -->
<testsuite hostname="Manu" failures="0" tests="1" name="com.bmc.test.BMC_execution_Test" time="210.855" errors="0" timestamp="25 Nov 2022 08:21:48 GMT" skipped="0">
  <testcase classname="com.bmc.test.BMC_execution_Test" name="Smoke_test" time="210.855"/>
</testsuite> <!-- com.bmc.test.BMC_execution_Test -->
